<?xml version="1.0" encoding="utf-8"?><testsuites name="pytest tests"><testsuite name="pytest" errors="0" failures="0" skipped="0" tests="12" time="2.195" timestamp="2026-06-25T20:04:01.108838+00:00" hostname="agent-env-41c264cf-6880-426f-b28f-3b4789e72929"><testcase classname="backend.tests.test_impersonation_audit.TestImpersonateStart" name="test_response_shape_has_session_id" time="0.774" /><testcase classname="backend.tests.test_impersonation_audit.TestImpersonateStart" name="test_log_entry_created" time="0.124" /><testcase classname="backend.tests.test_impersonation_audit.TestImpersonateStop" name="test_stop_returns_ok_and_duration" time="0.145" /><testcase classname="backend.tests.test_impersonation_audit.TestImpersonateStop" name="test_log_now_closed_via_list" time="0.101" /><testcase classname="backend.tests.test_impersonation_audit.TestImpersonateStop" name="test_stop_idempotent" time="0.133" /><testcase classname="backend.tests.test_impersonation_audit.TestImpersonateStop" name="test_stop_unknown_session_404" time="0.161" /><testcase classname="backend.tests.test_impersonation_audit.TestImpersonateStop" name="test_stop_unauthenticated_rejected" time="0.140" /><testcase classname="backend.tests.test_impersonation_audit.TestImpersonateStop" name="test_stop_tenant_token_rejected" time="0.120" /><testcase classname="backend.tests.test_impersonation_audit.TestImpersonationLogsList" name="test_unauth_rejected" time="0.111" /><testcase classname="backend.tests.test_impersonation_audit.TestImpersonationLogsList" name="test_tenant_token_rejected" time="0.108" /><testcase classname="backend.tests.test_impersonation_audit.TestImpersonationLogsList" name="test_shape_and_sort" time="0.107" /><testcase classname="backend.tests.test_impersonation_audit.TestImpersonationLogsList" name="test_tenant_filter" time="0.107" /></testsuite></testsuites>