<?xml version="1.0" encoding="utf-8"?><testsuites name="pytest tests"><testsuite name="pytest" errors="0" failures="0" skipped="0" tests="9" time="2.081" timestamp="2026-06-25T19:25:27.315948+00:00" hostname="agent-env-41c264cf-6880-426f-b28f-3b4789e72929"><testcase classname="backend.tests.test_iter5_dashboard_cards.TestStatsCustomerFields" name="test_stats_returns_all_required_fields" time="1.039" /><testcase classname="backend.tests.test_iter5_dashboard_cards.TestStatsCustomerFields" name="test_stats_field_types_numeric" time="0.121" /><testcase classname="backend.tests.test_iter5_dashboard_cards.TestStatsCustomerFields" name="test_stats_anonymous_blocked" time="0.131" /><testcase classname="backend.tests.test_iter5_dashboard_cards.TestWalletPlatformPurchaseFields" name="test_tenant_wallet_returns_new_fields" time="0.143" /><testcase classname="backend.tests.test_iter5_dashboard_cards.TestWalletPlatformPurchaseFields" name="test_wallet_new_field_types" time="0.118" /><testcase classname="backend.tests.test_iter5_dashboard_cards.TestWalletPlatformPurchaseFields" name="test_super_admin_wallet_no_platform_debt" time="0.105" /><testcase classname="backend.tests.test_iter5_dashboard_cards.TestImpersonationContext" name="test_impersonate_returns_token_and_user" time="0.138" /><testcase classname="backend.tests.test_iter5_dashboard_cards.TestImpersonationContext" name="test_motherboard_diagnostics_super_admin" time="0.106" /><testcase classname="backend.tests.test_iter5_dashboard_cards.TestImpersonationContext" name="test_motherboard_diagnostics_anonymous_blocked" time="0.117" /></testsuite></testsuites>