<?xml version="1.0" encoding="utf-8"?><testsuites name="pytest tests"><testsuite name="pytest" errors="0" failures="0" skipped="0" tests="11" time="2.863" timestamp="2026-06-26T20:00:03.988906+00:00" hostname="agent-env-41c264cf-6880-426f-b28f-3b4789e72929"><testcase classname="backend.tests.test_iter13_saas_admin.TestPlatformStatsServices" name="test_platform_stats_has_services" time="0.767" /><testcase classname="backend.tests.test_iter13_saas_admin.TestPlatformStatsServices" name="test_backend_status_ok" time="0.233" /><testcase classname="backend.tests.test_iter13_saas_admin.TestPlatformStatsServices" name="test_mongodb_status_ok" time="0.260" /><testcase classname="backend.tests.test_iter13_saas_admin.TestPlatformStatsServices" name="test_redis_status_disabled_when_no_url" time="0.254" /><testcase classname="backend.tests.test_iter13_saas_admin.TestPlatformStatsServices" name="test_capacity_block_intact" time="0.229" /><testcase classname="backend.tests.test_iter13_saas_admin.TestSettleCredit" name="test_settle_credit_happy_path" time="0.368" /><testcase classname="backend.tests.test_iter13_saas_admin.TestSettleCredit" name="test_settle_credit_over_amount_400" time="0.226" /><testcase classname="backend.tests.test_iter13_saas_admin.TestSettleCredit" name="test_settle_credit_zero_amount_400" time="0.107" /><testcase classname="backend.tests.test_iter13_saas_admin.TestSettleCredit" name="test_settle_credit_unknown_entity_404" time="0.108" /><testcase classname="backend.tests.test_iter13_saas_admin.TestSaasStatsAccess" name="test_platform_stats_unauthorized" time="0.135" /><testcase classname="backend.tests.test_iter13_saas_admin.TestSaasStatsAccess" name="test_saas_stats_ok" time="0.110" /></testsuite></testsuites>