<?xml version="1.0" encoding="utf-8"?><testsuites name="pytest tests"><testsuite name="pytest" errors="0" failures="0" skipped="0" tests="13" time="18.137" timestamp="2026-06-27T20:31:47.325301+00:00" hostname="agent-env-41c264cf-6880-426f-b28f-3b4789e72929"><testcase classname="tests.test_iter20_inventory_sync" name="test_inventory_deduct_on_confirm_and_restore_on_cancel" time="0.881" /><testcase classname="tests.test_iter20_inventory_sync" name="test_items_without_product_id_are_skipped" time="0.537" /><testcase classname="tests.test_iter20_email_templates" name="test_welcome_email_includes_tenant_and_company" time="0.000" /><testcase classname="tests.test_iter20_email_templates" name="test_debt_reminder_email_renders_amount" time="0.000" /><testcase classname="tests.test_iter20_email_templates" name="test_impersonation_notice_email_contains_audit_details" time="0.000" /><testcase classname="tests.test_iter20_email_templates" name="test_order_confirmation_email_renders_items_table" time="0.000" /><testcase classname="tests.test_iter20_email_templates" name="test_generic_alert_email_severity_styles" time="0.000" /><testcase classname="tests.test_iter19_bug_fixes" name="test_ecom_channels_catalogue_includes_all_supported" time="0.353" /><testcase classname="tests.test_iter19_bug_fixes" name="test_manual_order_links_pos_product_id" time="0.542" /><testcase classname="tests.test_iter19_bug_fixes" name="test_purchase_syncs_both_prices_on_product" time="0.611" /><testcase classname="tests.test_iter18_4_copilot_health_rag" name="test_copilot_returns_arabic_answer" time="10.460" /><testcase classname="tests.test_iter18_4_copilot_health_rag" name="test_health_alerts_endpoint" time="2.724" /><testcase classname="tests.test_iter18_4_copilot_health_rag" name="test_rag_lead_categorizer_uses_context" time="1.941" /></testsuite></testsuites>