<?xml version="1.0" encoding="utf-8"?><testsuites name="pytest tests"><testsuite name="pytest" errors="0" failures="1" skipped="0" tests="14" time="3.864" timestamp="2026-06-26T21:11:49.531852+00:00" hostname="agent-env-41c264cf-6880-426f-b28f-3b4789e72929"><testcase classname="tests.test_iter15_redis_resend.TestRedisCaching" name="test_platform_stats_redis_ok" time="0.745" /><testcase classname="tests.test_iter15_redis_resend.TestRedisCaching" name="test_platform_stats_cached_on_second_call" time="1.584" /><testcase classname="tests.test_iter15_redis_resend.TestEmailProvider" name="test_get_email_provider_returns_mock_when_keys_empty" time="0.033" /><testcase classname="tests.test_iter15_redis_resend.TestEmailProvider" name="test_send_email_mock_returns_true" time="0.001" /><testcase classname="tests.test_iter15_redis_resend.TestEmailProvider" name="test_debt_reminder_email_does_not_crash" time="0.254" /><testcase classname="tests.test_iter15_redis_resend.TestPlatformCardsSales" name="test_platform_cards_sales_endpoint" time="0.153" /><testcase classname="tests.test_iter15_redis_resend.TestRegressionRoutes" name="test_saas_stats" time="0.115" /><testcase classname="tests.test_iter15_redis_resend.TestRegressionRoutes" name="test_payments_list" time="0.115" /><testcase classname="tests.test_iter15_redis_resend.TestRegressionRoutes" name="test_plans_list" time="0.105" /><testcase classname="tests.test_iter15_redis_resend.TestRegressionRoutes" name="test_tenant_debts_list" time="0.109" /><testcase classname="tests.test_iter15_redis_resend.TestRegressionRoutes" name="test_audit_timeline" time="0.124" /><testcase classname="tests.test_iter15_redis_resend.TestRegressionRoutes" name="test_subscribers_tenants" time="0.113" /><testcase classname="tests.test_iter15_redis_resend.TestRegressionRoutes" name="test_agents_list" time="0.109" /><testcase classname="tests.test_iter15_redis_resend.TestRegressionRoutes" name="test_settle_debt_flow" time="0.226"><failure message="AssertionError: settle-credit failed: 404 {&quot;detail&quot;:&quot;المحفظة غير موجودة&quot;}&#10;assert 404 in (200, 201)&#10; +  where 404 = &lt;Response [404]&gt;.status_code">tests/test_iter15_redis_resend.py:144: in test_settle_debt_flow
    assert r.status_code in (200, 201), f"settle-credit failed: {r.status_code} {r.text[:200]}"
E   AssertionError: settle-credit failed: 404 {"detail":"المحفظة غير موجودة"}
E   assert 404 in (200, 201)
E    +  where 404 = &lt;Response [404]&gt;.status_code</failure></testcase></testsuite></testsuites>