<?xml version="1.0" encoding="utf-8"?><testsuites name="pytest tests"><testsuite name="pytest" errors="0" failures="0" skipped="0" tests="16" time="3.635" timestamp="2026-06-26T22:06:00.713592+00:00" hostname="agent-env-41c264cf-6880-426f-b28f-3b4789e72929"><testcase classname="backend.tests.test_iter16_cleanup_perf.TestSaasStatsCache" name="test_first_call_returns_payload" time="0.684" /><testcase classname="backend.tests.test_iter16_cleanup_perf.TestSaasStatsCache" name="test_second_call_is_cached" time="0.398" /><testcase classname="backend.tests.test_iter16_cleanup_perf.TestTenantDebtsCache" name="test_warm_then_cached" time="0.399" /><testcase classname="backend.tests.test_iter16_cleanup_perf.TestTenantDebtsCache" name="test_settle_credit_invalidates_cache" time="0.805" /><testcase classname="backend.tests.test_iter16_cleanup_perf.TestPlatformCardsSalesPagination" name="test_default_shape" time="0.435" /><testcase classname="backend.tests.test_iter16_cleanup_perf.TestPlatformCardsSalesPagination" name="test_limit_query_param" time="0.048" /><testcase classname="backend.tests.test_iter16_cleanup_perf.TestPlatformCardsSalesPagination" name="test_search_filter" time="0.050" /><testcase classname="backend.tests.test_iter16_cleanup_perf.TestPlatformCardsSalesPagination" name="test_operator_and_method_and_since" time="0.047" /><testcase classname="backend.tests.test_iter16_cleanup_perf.TestPlatformCardsSalesPagination" name="test_limit_out_of_range_rejected" time="0.050" /><testcase classname="backend.tests.test_iter16_cleanup_perf.TestExtractedRouteEndpoints" name="test_platform_stats_redis_ok" time="0.155" /><testcase classname="backend.tests.test_iter16_cleanup_perf.TestExtractedRouteEndpoints" name="test_multi_poll_resilience" time="0.237" /><testcase classname="backend.tests.test_iter16_cleanup_perf.TestExtractedRouteEndpoints" name="test_payments" time="0.046" /><testcase classname="backend.tests.test_iter16_cleanup_perf.TestExtractedRouteEndpoints" name="test_plans" time="0.047" /><testcase classname="backend.tests.test_iter16_cleanup_perf.TestExtractedRouteEndpoints" name="test_audit_timeline" time="0.054" /><testcase classname="backend.tests.test_iter16_cleanup_perf.TestExtractedRouteEndpoints" name="test_tenants_list" time="0.059" /><testcase classname="backend.tests.test_iter16_cleanup_perf.TestExtractedRouteEndpoints" name="test_agents_list" time="0.049" /></testsuite></testsuites>