<?xml version="1.0" encoding="utf-8"?><testsuites name="pytest tests"><testsuite name="pytest" errors="0" failures="0" skipped="0" tests="10" time="2.024" timestamp="2026-06-25T18:52:46.217876+00:00" hostname="agent-env-41c264cf-6880-426f-b28f-3b4789e72929"><testcase classname="backend.tests.test_motherboard.TestMotherboardEndpoints" name="test_diagnostics_overview" time="0.515" /><testcase classname="backend.tests.test_motherboard.TestMotherboardEndpoints" name="test_diagnostics_modules" time="0.136" /><testcase classname="backend.tests.test_motherboard.TestMotherboardEndpoints" name="test_diagnostics_metrics" time="0.128" /><testcase classname="backend.tests.test_motherboard.TestMotherboardEndpoints" name="test_diagnostics_robots" time="0.114" /><testcase classname="backend.tests.test_motherboard.TestMotherboardEndpoints" name="test_diagnostics_tenant_health" time="0.143" /><testcase classname="backend.tests.test_motherboard.TestMotherboardEndpoints" name="test_platform_features" time="0.166" /><testcase classname="backend.tests.test_motherboard.TestMotherboardEndpoints" name="test_diagnostics_requires_auth" time="0.112" /><testcase classname="backend.tests.test_motherboard.TestRegression" name="test_login_super_admin" time="0.348" /><testcase classname="backend.tests.test_motherboard.TestRegression" name="test_saas_plans_public" time="0.169" /><testcase classname="backend.tests.test_motherboard.TestRegression" name="test_saas_tenants_admin" time="0.132" /></testsuite></testsuites>