<?xml version="1.0" encoding="utf-8"?><testsuites name="pytest tests"><testsuite name="pytest" errors="0" failures="0" skipped="0" tests="42" time="5.569" timestamp="2026-06-28T17:31:05.228132+00:00" hostname="agent-env-41c264cf-6880-426f-b28f-3b4789e72929"><testcase classname="tests.test_iter24_platform_finance" name="test_external_supplier_crud_and_purchase_lifecycle" time="0.614" /><testcase classname="tests.test_iter24_platform_finance" name="test_financial_summary_kpis_have_required_shape" time="0.284" /><testcase classname="tests.test_iter24_platform_finance" name="test_catalog_reference_returns_all_4_types" time="0.280" /><testcase classname="tests.test_iter24_platform_finance" name="test_deferred_iccid_upload_to_saved_purchase" time="0.609" /><testcase classname="tests.test_iter24_platform_finance" name="test_upload_codes_rejects_iptv_and_other_types" time="0.462" /><testcase classname="tests.test_iter25_code_trace" name="test_trace_not_found" time="0.279" /><testcase classname="tests.test_iter25_code_trace" name="test_trace_finds_uploaded_code_with_origin" time="0.311" /><testcase classname="tests.test_iter25_code_trace" name="test_trace_returns_sale_and_profit_when_sold" time="0.338" /><testcase classname="tests.test_iter25_code_trace" name="test_trace_rejects_empty_code" time="0.029" /><testcase classname="tests.test_iter26_finance_extensions" name="test_summary_includes_daily_trend" time="0.281" /><testcase classname="tests.test_iter26_finance_extensions" name="test_product_profitability_for_sim" time="0.079" /><testcase classname="tests.test_iter26_finance_extensions" name="test_product_profitability_rejects_invalid_inputs" time="0.074" /><testcase classname="tests.test_iter26_finance_extensions" name="test_product_profitability_calculates_margin_for_seeded_data" time="0.319" /><testcase classname="tests.test_iter22_multi_provider_email" name="test_explicit_brevo_preference_wins" time="0.001" /><testcase classname="tests.test_iter22_multi_provider_email" name="test_explicit_resend_preference_wins" time="0.001" /><testcase classname="tests.test_iter22_multi_provider_email" name="test_explicit_mock_preference_disables_all_providers" time="0.000" /><testcase classname="tests.test_iter22_multi_provider_email" name="test_explicit_preference_without_matching_key_falls_back" time="0.000" /><testcase classname="tests.test_iter22_multi_provider_email" name="test_auto_prefers_brevo_over_resend_for_mena" time="0.000" /><testcase classname="tests.test_iter22_multi_provider_email" name="test_auto_picks_resend_when_brevo_missing" time="0.000" /><testcase classname="tests.test_iter22_multi_provider_email" name="test_auto_picks_sendgrid_as_last_real_provider" time="0.000" /><testcase classname="tests.test_iter22_multi_provider_email" name="test_auto_falls_back_to_mock_when_no_keys" time="0.000" /><testcase classname="tests.test_iter22_multi_provider_email" name="test_send_via_brevo_posts_to_correct_endpoint" time="0.000" /><testcase classname="tests.test_iter22_multi_provider_email" name="test_brevo_returns_false_on_http_error" time="0.001" /><testcase classname="tests.test_iter20_inventory_sync" name="test_inventory_deduct_on_confirm_and_restore_on_cancel" time="0.856" /><testcase classname="tests.test_iter20_inventory_sync" name="test_items_without_product_id_are_skipped" time="0.541" /><testcase classname="tests.test_iter21_email_validation" name="test_tenant_create_rejects_invalid_email[FOAD@FOAD]" time="0.000" /><testcase classname="tests.test_iter21_email_validation" name="test_tenant_create_rejects_invalid_email[user@localhost]" time="0.000" /><testcase classname="tests.test_iter21_email_validation" name="test_tenant_create_rejects_invalid_email[no-at-sign.com]" time="0.000" /><testcase classname="tests.test_iter21_email_validation" name="test_tenant_create_rejects_invalid_email[@nodomain.com]" time="0.000" /><testcase classname="tests.test_iter21_email_validation" name="test_tenant_create_rejects_invalid_email[user@]" time="0.000" /><testcase classname="tests.test_iter21_email_validation" name="test_tenant_create_rejects_invalid_email[user@@example.com]" time="0.000" /><testcase classname="tests.test_iter21_email_validation" name="test_tenant_create_rejects_invalid_email[user@.com]" time="0.000" /><testcase classname="tests.test_iter21_email_validation" name="test_tenant_create_rejects_invalid_email[user@example.]" time="0.000" /><testcase classname="tests.test_iter21_email_validation" name="test_tenant_create_rejects_invalid_email[   ]" time="0.002" /><testcase classname="tests.test_iter21_email_validation" name="test_tenant_create_accepts_valid_email[user@example.com-user@example.com]" time="0.000" /><testcase classname="tests.test_iter21_email_validation" name="test_tenant_create_accepts_valid_email[Admin@NTCommerce.COM-admin@ntcommerce.com]" time="0.000" /><testcase classname="tests.test_iter21_email_validation" name="test_tenant_create_accepts_valid_email[first.last+tag@store.example.co-first.last+tag@store.example.co]" time="0.000" /><testcase classname="tests.test_iter21_email_validation" name="test_tenant_create_accepts_valid_email[a@b.io-a@b.io]" time="0.000" /><testcase classname="tests.test_iter21_email_validation" name="test_tenant_create_accepts_valid_email[  WHITESPACE@example.com  -whitespace@example.com]" time="0.000" /><testcase classname="tests.test_iter21_email_validation" name="test_tenant_update_email_optional_passes_through_none" time="0.000" /><testcase classname="tests.test_iter21_email_validation" name="test_tenant_update_rejects_bad_email_when_provided" time="0.000" /><testcase classname="tests.test_iter21_email_validation" name="test_tenant_update_accepts_good_email" time="0.000" /></testsuite></testsuites>