<?xml version="1.0" encoding="utf-8"?><testsuites name="pytest tests"><testsuite name="pytest" errors="0" failures="0" skipped="0" tests="12" time="2.294" timestamp="2026-06-26T20:39:43.464412+00:00" hostname="agent-env-41c264cf-6880-426f-b28f-3b4789e72929"><testcase classname="backend.tests.test_iter14_saas_split.TestSaasSubRouteEndpoints" name="test_payments_endpoint" time="0.720" /><testcase classname="backend.tests.test_iter14_saas_split.TestSaasSubRouteEndpoints" name="test_plans_endpoint_include_inactive" time="0.109" /><testcase classname="backend.tests.test_iter14_saas_split.TestSaasSubRouteEndpoints" name="test_tenant_debts_endpoint" time="0.105" /><testcase classname="backend.tests.test_iter14_saas_split.TestSaasSubRouteEndpoints" name="test_audit_timeline_endpoint_basic" time="0.252" /><testcase classname="backend.tests.test_iter14_saas_split.TestSaasSubRouteEndpoints" name="test_audit_timeline_naive_since_does_not_500" time="0.147" /><testcase classname="backend.tests.test_iter14_saas_split.TestSaasSubRouteEndpoints" name="test_audit_timeline_naive_until_does_not_500" time="0.116" /><testcase classname="backend.tests.test_iter14_saas_split.TestSaasSubRouteEndpoints" name="test_audit_timeline_with_filter_type" time="0.126" /><testcase classname="backend.tests.test_iter14_saas_split.TestMonitoringRegression" name="test_saas_stats" time="0.121" /><testcase classname="backend.tests.test_iter14_saas_split.TestMonitoringRegression" name="test_platform_stats" time="0.229" /><testcase classname="backend.tests.test_iter14_saas_split.TestAuthGating" name="test_payments_requires_auth" time="0.100" /><testcase classname="backend.tests.test_iter14_saas_split.TestAuthGating" name="test_tenant_debts_requires_auth" time="0.110" /><testcase classname="backend.tests.test_iter14_saas_split.TestAuthGating" name="test_audit_timeline_requires_auth" time="0.108" /></testsuite></testsuites>