<?xml version="1.0" encoding="utf-8"?><testsuites name="pytest tests"><testsuite name="pytest" errors="0" failures="0" skipped="0" tests="3" time="1.592" timestamp="2026-06-27T20:08:46.462476+00:00" hostname="agent-env-41c264cf-6880-426f-b28f-3b4789e72929"><testcase classname="backend.tests.test_iter19_bug_fixes" name="test_ecom_channels_catalogue_includes_all_supported" time="0.366" /><testcase classname="backend.tests.test_iter19_bug_fixes" name="test_manual_order_links_pos_product_id" time="0.538" /><testcase classname="backend.tests.test_iter19_bug_fixes" name="test_purchase_syncs_both_prices_on_product" time="0.605" /></testsuite></testsuites>