<?xml version="1.0" encoding="utf-8"?><testsuites name="pytest tests"><testsuite name="pytest" errors="0" failures="0" skipped="0" tests="8" time="2.712" timestamp="2026-06-25T21:11:33.387187+00:00" hostname="agent-env-41c264cf-6880-426f-b28f-3b4789e72929"><testcase classname="backend.tests.test_default_pos_shortcuts.TestDefaultShortcutsSuperAdmin" name="test_get_default_returns_shape_even_when_empty" time="0.816" /><testcase classname="backend.tests.test_default_pos_shortcuts.TestDefaultShortcutsSuperAdmin" name="test_put_default_persists_and_get_returns_it" time="0.231" /><testcase classname="backend.tests.test_default_pos_shortcuts.TestDefaultShortcutsSuperAdmin" name="test_put_empty_allowed" time="0.107" /><testcase classname="backend.tests.test_default_pos_shortcuts.TestDefaultShortcutsSuperAdmin" name="test_unauthenticated_rejected" time="0.284" /><testcase classname="backend.tests.test_default_pos_shortcuts.TestDefaultShortcutsSuperAdmin" name="test_tenant_user_rejected" time="0.371" /><testcase classname="backend.tests.test_default_pos_shortcuts.TestTenantShortcutsFallback" name="test_a_defaults_then_user_override" time="0.506" /><testcase classname="backend.tests.test_default_pos_shortcuts.TestTenantShortcutsFallback" name="test_b_no_defaults_no_user_returns_empty_source" time="0.220" /><testcase classname="backend.tests.test_default_pos_shortcuts.TestZRestoreState" name="test_restore_defaults_for_ui_followup" time="0.113" /></testsuite></testsuites>