<?xml version="1.0" encoding="utf-8"?><testsuites name="pytest tests"><testsuite name="pytest" errors="0" failures="0" skipped="0" tests="13" time="10.803" timestamp="2026-06-28T17:30:45.593862+00:00" hostname="agent-env-41c264cf-6880-426f-b28f-3b4789e72929"><testcase classname="tests.test_iter27_eda.TestEventSchema" name="test_event_default_factory" time="0.000" /><testcase classname="tests.test_iter27_eda.TestEventSchema" name="test_wire_roundtrip" time="0.000" /><testcase classname="tests.test_iter27_eda.TestEventSchema" name="test_processed_event_schema" time="0.000" /><testcase classname="tests.test_iter27_eda" name="test_publish_and_consume_basic" time="2.123" /><testcase classname="tests.test_iter27_eda" name="test_idempotency_duplicate_event_id" time="0.009" /><testcase classname="tests.test_iter27_eda" name="test_retry_on_handler_failure" time="4.013" /><testcase classname="tests.test_iter27_eda" name="test_purchase_created_consumer_writes_movement" time="0.507" /><testcase classname="tests.test_iter27_eda" name="test_sale_completed_consumer_writes_movement" time="0.507" /><testcase classname="tests.test_iter27_eda" name="test_ecom_order_confirmed_deducts_stock_idempotent" time="0.564" /><testcase classname="tests.test_iter27_eda" name="test_tenant_subscription_expired_disables_tenant" time="0.507" /><testcase classname="tests.test_iter27_eda" name="test_event_bus_stats_endpoint" time="0.337" /><testcase classname="tests.test_iter27_eda" name="test_event_bus_processed_endpoint" time="2.037" /><testcase classname="tests.test_iter27_eda" name="test_event_bus_movements_endpoint" time="0.029" /></testsuite></testsuites>