<?xml version="1.0" encoding="utf-8"?><testsuites name="pytest tests"><testsuite name="pytest" errors="0" failures="0" skipped="0" tests="13" time="2.375" timestamp="2026-06-23T15:37:07.340802+00:00" hostname="agent-env-41c264cf-6880-426f-b28f-3b4789e72929"><testcase classname="backend.tests.test_saas_core.TestHealth" name="test_root_api" time="0.364" /><testcase classname="backend.tests.test_saas_core.TestPlans" name="test_plans_returns_three" time="0.053" /><testcase classname="backend.tests.test_saas_core.TestPlans" name="test_plan_names" time="0.000" /><testcase classname="backend.tests.test_saas_core.TestPlans" name="test_plan_fields" time="0.000" /><testcase classname="backend.tests.test_saas_core.TestPlans" name="test_yearly_cheaper_than_12x_monthly" time="0.000" /><testcase classname="backend.tests.test_saas_core.TestAuth" name="test_super_admin_login" time="0.272" /><testcase classname="backend.tests.test_saas_core.TestAuth" name="test_login_invalid" time="0.272" /><testcase classname="backend.tests.test_saas_core.TestProductsAuthRequired" name="test_products_requires_auth" time="0.044" /><testcase classname="backend.tests.test_saas_core.TestTenantsCRUD" name="test_list_tenants" time="0.426" /><testcase classname="backend.tests.test_saas_core.TestTenantsCRUD" name="test_create_tenant" time="0.342" /><testcase classname="backend.tests.test_saas_core.TestTenantsCRUD" name="test_created_tenant_appears_in_list" time="0.055" /><testcase classname="backend.tests.test_saas_core.TestTenantLogin" name="test_tenant_can_login" time="0.335" /><testcase classname="backend.tests.test_saas_core.TestTenantLogin" name="test_tenant_products_empty" time="0.146" /></testsuite></testsuites>