<?xml version="1.0" encoding="utf-8"?><testsuites name="pytest tests"><testsuite name="pytest" errors="0" failures="0" skipped="0" tests="20" time="4.352" timestamp="2026-06-27T17:01:50.549361+00:00" hostname="agent-env-41c264cf-6880-426f-b28f-3b4789e72929"><testcase classname="tests.test_iter17_cache_decorator" name="test_platform_stats_cached_warm" time="0.903" /><testcase classname="tests.test_iter17_cache_decorator" name="test_saas_stats_cached_warm" time="0.420" /><testcase classname="tests.test_iter17_cache_decorator" name="test_tenant_debts_cached_warm" time="0.414" /><testcase classname="tests.test_iter17_cache_decorator" name="test_tenant_debts_cache_invalidation_on_add_funds" time="0.432" /><testcase classname="tests.test_iter17_cache_decorator" name="test_sales_pagination_first_page" time="0.448" /><testcase classname="tests.test_iter17_cache_decorator" name="test_sales_pagination_second_page" time="0.121" /><testcase classname="tests.test_iter17_cache_decorator" name="test_sales_date_filter_since" time="0.111" /><testcase classname="tests.test_iter17_cache_decorator" name="test_sales_date_filter_until" time="0.109" /><testcase classname="tests.test_iter17_cache_decorator" name="test_sales_date_filter_both" time="0.107" /><testcase classname="tests.test_iter17_cache_decorator" name="test_sales_limit_guard_422" time="0.104" /><testcase classname="tests.test_iter17_cache_decorator" name="test_extracted_routes_200[/api/saas/platform-stats]" time="0.109" /><testcase classname="tests.test_iter17_cache_decorator" name="test_extracted_routes_200[/api/saas/stats]" time="0.102" /><testcase classname="tests.test_iter17_cache_decorator" name="test_extracted_routes_200[/api/saas/tenant-debts]" time="0.107" /><testcase classname="tests.test_iter17_cache_decorator" name="test_extracted_routes_200[/api/saas/tenants]" time="0.132" /><testcase classname="tests.test_iter17_cache_decorator" name="test_extracted_routes_200[/api/saas/payments]" time="0.106" /><testcase classname="tests.test_iter17_cache_decorator" name="test_extracted_routes_200[/api/saas/plans?include_inactive=true]" time="0.111" /><testcase classname="tests.test_iter17_cache_decorator" name="test_extracted_routes_200[/api/saas/agents]" time="0.108" /><testcase classname="tests.test_iter17_cache_decorator" name="test_extracted_routes_200[/api/saas/audit-timeline]" time="0.110" /><testcase classname="tests.test_iter17_cache_decorator" name="test_extracted_routes_200[/api/saas/agent-withdrawals]" time="0.117" /><testcase classname="tests.test_iter17_cache_decorator" name="test_platform_stats_redis_ok" time="0.114" /></testsuite></testsuites>