<?xml version="1.0" encoding="utf-8"?><testsuites name="pytest tests"><testsuite name="pytest" errors="0" failures="1" skipped="0" tests="15" time="2.416" timestamp="2026-06-26T19:33:17.801867+00:00" hostname="agent-env-41c264cf-6880-426f-b28f-3b4789e72929"><testcase classname="backend.tests.test_audit_timeline.TestAuditTimelineAuth" name="test_unauthenticated_rejected" time="0.277" /><testcase classname="backend.tests.test_audit_timeline.TestAuditTimelineAuth" name="test_super_admin_can_access" time="0.448" /><testcase classname="backend.tests.test_audit_timeline.TestAuditTimelineSchema" name="test_top_level_shape" time="0.115" /><testcase classname="backend.tests.test_audit_timeline.TestAuditTimelineSchema" name="test_event_fields_and_id_prefix" time="0.112" /><testcase classname="backend.tests.test_audit_timeline.TestAuditTimelineSchema" name="test_events_sorted_desc" time="0.117" /><testcase classname="backend.tests.test_audit_timeline.TestAuditTimelineFilters" name="test_filter_single_event_type_reminder" time="0.111" /><testcase classname="backend.tests.test_audit_timeline.TestAuditTimelineFilters" name="test_filter_multi_event_type" time="0.108" /><testcase classname="backend.tests.test_audit_timeline.TestAuditTimelineFilters" name="test_filter_tenant_id" time="0.130" /><testcase classname="backend.tests.test_audit_timeline.TestAuditTimelineFilters" name="test_limit_param" time="0.109" /><testcase classname="backend.tests.test_audit_timeline.TestAuditTimelineFilters" name="test_limit_hard_cap" time="0.100" /><testcase classname="backend.tests.test_audit_timeline.TestAuditTimelineFilters" name="test_date_range_until_in_past_naive" time="0.112"><failure message="AssertionError: Date filter broken (naive ISO): 500. Likely TypeError 'offset-naive vs offset-aware' in _ts_dt.&#10;assert 500 == 200&#10; +  where 500 = &lt;Response [500]&gt;.status_code">backend/tests/test_audit_timeline.py:170: in test_date_range_until_in_past_naive
    assert r.status_code == 200, (
E   AssertionError: Date filter broken (naive ISO): 500. Likely TypeError 'offset-naive vs offset-aware' in _ts_dt.
E   assert 500 == 200
E    +  where 500 = &lt;Response [500]&gt;.status_code</failure></testcase><testcase classname="backend.tests.test_audit_timeline.TestAuditTimelineFilters" name="test_date_range_until_in_past_tzaware" time="0.146" /><testcase classname="backend.tests.test_audit_timeline.TestAuditTimelineFilters" name="test_date_range_since_future_tzaware" time="0.106" /><testcase classname="backend.tests.test_audit_timeline.TestRegression" name="test_platform_stats_max_tenants_500" time="0.214" /><testcase classname="backend.tests.test_audit_timeline.TestRegression" name="test_tenant_debts_endpoint_still_works" time="0.124" /></testsuite></testsuites>