<?xml version="1.0" encoding="utf-8"?><testsuites name="pytest tests"><testsuite name="pytest" errors="0" failures="0" skipped="0" tests="12" time="2.895" timestamp="2026-06-26T19:21:06.928065+00:00" hostname="agent-env-41c264cf-6880-426f-b28f-3b4789e72929"><testcase classname="backend.tests.test_iter11_features.TestTenantDebtsList" name="test_list_requires_super_admin" time="0.353" /><testcase classname="backend.tests.test_iter11_features.TestTenantDebtsList" name="test_list_returns_summary_and_items" time="0.782" /><testcase classname="backend.tests.test_iter11_features.TestTenantDebtsList" name="test_only_with_debt_false_returns_all" time="0.233" /><testcase classname="backend.tests.test_iter11_features.TestTenantDebtsRemind" name="test_remind_non_existent_returns_404" time="0.119" /><testcase classname="backend.tests.test_iter11_features.TestTenantDebtsRemind" name="test_remind_success_and_count_increments" time="0.520" /><testcase classname="backend.tests.test_iter11_features.TestTenantStatementPdf" name="test_statement_non_existent_returns_404" time="0.109" /><testcase classname="backend.tests.test_iter11_features.TestTenantStatementPdf" name="test_statement_returns_valid_pdf" time="0.126" /><testcase classname="backend.tests.test_iter11_features.TestPlatformStats" name="test_requires_super_admin" time="0.109" /><testcase classname="backend.tests.test_iter11_features.TestPlatformStats" name="test_platform_stats_shape" time="0.206" /><testcase classname="backend.tests.test_iter11_features.TestPlatformStats" name="test_max_tenants_code_path_in_source" time="0.000" /><testcase classname="backend.tests.test_iter11_features.TestRegression" name="test_monitoring_summary" time="0.128" /><testcase classname="backend.tests.test_iter11_features.TestRegression" name="test_wallet_endpoint_alive" time="0.140" /></testsuite></testsuites>