<?xml version="1.0" encoding="utf-8"?><testsuites name="pytest tests"><testsuite name="pytest" errors="0" failures="0" skipped="0" tests="13" time="2.319" timestamp="2026-06-23T15:44:37.349693+00:00" hostname="agent-env-41c264cf-6880-426f-b28f-3b4789e72929"><testcase classname="backend.tests.test_saas_core.TestHealth" name="test_root_api" time="0.288" /><testcase classname="backend.tests.test_saas_core.TestPlans" name="test_plans_returns_three" time="0.121" /><testcase classname="backend.tests.test_saas_core.TestPlans" name="test_plan_names" time="0.000" /><testcase classname="backend.tests.test_saas_core.TestPlans" name="test_plan_fields" time="0.000" /><testcase classname="backend.tests.test_saas_core.TestPlans" name="test_yearly_cheaper_than_12x_monthly" time="0.000" /><testcase classname="backend.tests.test_saas_core.TestAuth" name="test_super_admin_login" time="0.275" /><testcase classname="backend.tests.test_saas_core.TestAuth" name="test_login_invalid" time="0.268" /><testcase classname="backend.tests.test_saas_core.TestProductsAuthRequired" name="test_products_requires_auth" time="0.050" /><testcase classname="backend.tests.test_saas_core.TestTenantsCRUD" name="test_list_tenants" time="0.394" /><testcase classname="backend.tests.test_saas_core.TestTenantsCRUD" name="test_create_tenant" time="0.347" /><testcase classname="backend.tests.test_saas_core.TestTenantsCRUD" name="test_created_tenant_appears_in_list" time="0.058" /><testcase classname="backend.tests.test_saas_core.TestTenantLogin" name="test_tenant_can_login" time="0.329" /><testcase classname="backend.tests.test_saas_core.TestTenantLogin" name="test_tenant_products_empty" time="0.137" /></testsuite></testsuites>