<?xml version="1.0" encoding="utf-8"?><testsuites name="pytest tests"><testsuite name="pytest" errors="0" failures="0" skipped="0" tests="18" time="3.661" timestamp="2026-06-25T20:04:09.064160+00:00" hostname="agent-env-41c264cf-6880-426f-b28f-3b4789e72929"><testcase classname="backend.tests.test_wallet_enrichment.TestTenantWalletEnrichment" name="test_tenant_wallet_returns_all_fields" time="0.836" /><testcase classname="backend.tests.test_wallet_enrichment.TestTenantWalletEnrichment" name="test_tenant_wallet_field_types" time="0.109" /><testcase classname="backend.tests.test_wallet_enrichment.TestTenantWalletEnrichment" name="test_tenant_overdue_logic_consistent" time="0.132" /><testcase classname="backend.tests.test_wallet_enrichment.TestSuperAdminWalletEnrichment" name="test_super_wallet_returns_zero_due" time="0.103" /><testcase classname="backend.tests.test_wallet_enrichment.TestWalletRegression" name="test_wallet_transactions" time="0.110" /><testcase classname="backend.tests.test_wallet_enrichment.TestWalletRegression" name="test_wallet_requests_list" time="0.125" /><testcase classname="backend.tests.test_wallet_enrichment.TestWalletRegression" name="test_wallet_add_funds_requires_super" time="0.106" /><testcase classname="backend.tests.test_wallet_enrichment.TestWalletRegression" name="test_impersonate_token_usable_on_protected_routes" time="0.108" /><testcase classname="backend.tests.test_wallet_enrichment.TestOverdueE2E" name="test_force_overdue_then_restore" time="0.214" /><testcase classname="backend.tests.test_iter5_dashboard_cards.TestStatsCustomerFields" name="test_stats_returns_all_required_fields" time="0.809" /><testcase classname="backend.tests.test_iter5_dashboard_cards.TestStatsCustomerFields" name="test_stats_field_types_numeric" time="0.178" /><testcase classname="backend.tests.test_iter5_dashboard_cards.TestStatsCustomerFields" name="test_stats_anonymous_blocked" time="0.106" /><testcase classname="backend.tests.test_iter5_dashboard_cards.TestWalletPlatformPurchaseFields" name="test_tenant_wallet_returns_new_fields" time="0.108" /><testcase classname="backend.tests.test_iter5_dashboard_cards.TestWalletPlatformPurchaseFields" name="test_wallet_new_field_types" time="0.113" /><testcase classname="backend.tests.test_iter5_dashboard_cards.TestWalletPlatformPurchaseFields" name="test_super_admin_wallet_no_platform_debt" time="0.108" /><testcase classname="backend.tests.test_iter5_dashboard_cards.TestImpersonationContext" name="test_impersonate_returns_token_and_user" time="0.109" /><testcase classname="backend.tests.test_iter5_dashboard_cards.TestImpersonationContext" name="test_motherboard_diagnostics_super_admin" time="0.116" /><testcase classname="backend.tests.test_iter5_dashboard_cards.TestImpersonationContext" name="test_motherboard_diagnostics_anonymous_blocked" time="0.106" /></testsuite></testsuites>