<?xml version="1.0" encoding="utf-8"?><testsuites name="pytest tests"><testsuite name="pytest" errors="0" failures="0" skipped="0" tests="9" time="1.928" timestamp="2026-06-25T19:07:54.114304+00:00" hostname="agent-env-41c264cf-6880-426f-b28f-3b4789e72929"><testcase classname="backend.tests.test_wallet_enrichment.TestTenantWalletEnrichment" name="test_tenant_wallet_returns_all_fields" time="0.850" /><testcase classname="backend.tests.test_wallet_enrichment.TestTenantWalletEnrichment" name="test_tenant_wallet_field_types" time="0.113" /><testcase classname="backend.tests.test_wallet_enrichment.TestTenantWalletEnrichment" name="test_tenant_overdue_logic_consistent" time="0.133" /><testcase classname="backend.tests.test_wallet_enrichment.TestSuperAdminWalletEnrichment" name="test_super_wallet_returns_zero_due" time="0.118" /><testcase classname="backend.tests.test_wallet_enrichment.TestWalletRegression" name="test_wallet_transactions" time="0.108" /><testcase classname="backend.tests.test_wallet_enrichment.TestWalletRegression" name="test_wallet_requests_list" time="0.108" /><testcase classname="backend.tests.test_wallet_enrichment.TestWalletRegression" name="test_wallet_add_funds_requires_super" time="0.115" /><testcase classname="backend.tests.test_wallet_enrichment.TestWalletRegression" name="test_impersonate_token_usable_on_protected_routes" time="0.114" /><testcase classname="backend.tests.test_wallet_enrichment.TestOverdueE2E" name="test_force_overdue_then_restore" time="0.207" /></testsuite></testsuites>