<?xml version="1.0" encoding="utf-8"?><testsuites name="pytest tests"><testsuite name="pytest" errors="0" failures="0" skipped="0" tests="6" time="5.217" timestamp="2026-06-27T18:19:12.137492+00:00" hostname="agent-env-41c264cf-6880-426f-b28f-3b4789e72929"><testcase classname="backend.tests.test_iter18_ecom_extra" name="test_403_arabic_message_and_default_off" time="0.628" /><testcase classname="backend.tests.test_iter18_ecom_extra" name="test_credential_redaction_and_test_endpoint" time="0.789" /><testcase classname="backend.tests.test_iter18_ecom_extra" name="test_smoke_existing_features_not_broken" time="0.860" /><testcase classname="backend.tests.test_iter18_ecom_extra" name="test_order_math_and_delete_guard" time="0.565" /><testcase classname="backend.tests.test_iter18_ecom_extra" name="test_lead_status_lifecycle" time="0.665" /><testcase classname="backend.tests.test_iter18_ecom_hub" name="test_ecom_hub_full_flow" time="1.634" /></testsuite></testsuites>