<?xml version="1.0" encoding="utf-8"?><testsuites name="pytest tests"><testsuite name="pytest" errors="0" failures="0" skipped="0" tests="7" time="6.105" timestamp="2026-06-25T22:04:55.863145+00:00" hostname="agent-env-41c264cf-6880-426f-b28f-3b4789e72929"><testcase classname="backend.tests.test_iter10_bugs.TestMonitoring" name="test_monitoring_includes_summary" time="0.779" /><testcase classname="backend.tests.test_iter10_bugs.TestAIAssistant" name="test_ai_chat_super_admin_basic" time="2.413" /><testcase classname="backend.tests.test_iter10_bugs.TestAIAssistant" name="test_ai_chat_with_sales_context_graceful" time="1.759" /><testcase classname="backend.tests.test_iter10_bugs.TestWalletCredit" name="test_credit_topup_and_settle_flow" time="0.733" /><testcase classname="backend.tests.test_iter10_bugs.TestWalletCredit" name="test_add_funds_invalid_payment_method" time="0.126" /><testcase classname="backend.tests.test_iter10_bugs.TestWalletCredit" name="test_settle_credit_unauthorized" time="0.119" /><testcase classname="backend.tests.test_iter10_bugs.TestWalletRegression" name="test_wallet_returns_total_platform_debt" time="0.116" /></testsuite></testsuites>