<?xml version="1.0" encoding="utf-8"?><testsuites name="pytest tests"><testsuite name="pytest" errors="0" failures="0" skipped="0" tests="6" time="0.743" timestamp="2026-06-28T17:33:19.024382+00:00" hostname="agent-env-41c264cf-6880-426f-b28f-3b4789e72929"><testcase classname="tests.test_iter27_eda_http" name="test_create_supplier_purchase_publishes_event" time="0.541" /><testcase classname="tests.test_iter27_eda_http" name="test_event_bus_stats_shape" time="0.030" /><testcase classname="tests.test_iter27_eda_http" name="test_event_bus_dlq_endpoint" time="0.027" /><testcase classname="tests.test_iter27_eda_http" name="test_event_bus_replay_invalid_id" time="0.027" /><testcase classname="tests.test_iter27_eda_http" name="test_processed_events_unique_index_exists" time="0.006" /><testcase classname="tests.test_iter27_eda_http" name="test_consumer_group_exists" time="0.028" /></testsuite></testsuites>